Arguments: 
  /usr/bin/node /usr/bin/yarnpkg install

PATH: 
  /home/alpha/anaconda3/bin:/home/alpha/anaconda3/condabin:/home/alpha/.npm-global/bin:/home/alpha/.node_modules_global/bin:/home/alpha/.local/bin:/usr/local/sbin:/usr/local/bin:/usr/sbin:/usr/bin:/sbin:/bin:/usr/games:/usr/local/games:/snap/bin:/home/alpha/Android/Sdk/emulator:/home/alpha/Android/Sdk/tools:/home/alpha/Android/Sdk/tools/bin:/home/alpha/Android/Sdk/platform-tools

Yarn version: 
  1.16.0

Node version: 
  10.16.0

Platform: 
  linux x64

Trace: 
  Error: https://github.com/expo/react-native/archive/sdk-34.0.0.tar.gz: unexpected end of file
      at Zlib.zlibOnError [as onerror] (zlib.js:162:17)

npm manifest: 
  {
    "main": "node_modules/expo/AppEntry.js",
    "scripts": {
      "start": "expo start",
      "android": "expo start --android",
      "ios": "expo start --ios",
      "web": "expo start --web",
      "eject": "expo eject"
    },
    "dependencies": {
      "expo": "^34.0.1",
      "react": "16.8.3",
      "react-dom": "^16.8.6",
      "react-native": "https://github.com/expo/react-native/archive/sdk-34.0.0.tar.gz",
      "react-native-web": "^0.11.4"
    },
    "devDependencies": {
      "babel-preset-expo": "^6.0.0"
    },
    "private": true
  }

yarn manifest: 
  No manifest

Lockfile: 
  No lockfile
